<?xml version="1.0" encoding="UTF-8"?>
<testng-results ignored="0" total="2" passed="2" failed="0" skipped="0">
  <reporter-output>
  </reporter-output>
  <suite started-at="2022-03-02T00:43:14 IST" name="Testpomframework" finished-at="2022-03-02T00:43:34 IST" duration-ms="20258">
    <groups>
    </groups>
    <test started-at="2022-03-02T00:43:14 IST" name="tescases" finished-at="2022-03-02T00:43:34 IST" duration-ms="20258">
      <class name="com.appname.qa.testcase.HomePageTest">
        <test-method is-config="true" signature="setUp()[pri:0, instance:com.appname.qa.testcase.HomePageTest@3d6f0054]" started-at="2022-03-02T00:43:14 IST" name="setUp" finished-at="2022-03-02T00:43:24 IST" duration-ms="10451" status="PASS">
          <reporter-output>
          </reporter-output>
        </test-method> <!-- setUp -->
        <test-method signature="validatelogo()[pri:1, instance:com.appname.qa.testcase.HomePageTest@3d6f0054]" started-at="2022-03-02T00:43:24 IST" name="validatelogo" finished-at="2022-03-02T00:43:25 IST" duration-ms="615" status="PASS">
          <reporter-output>
          </reporter-output>
        </test-method> <!-- validatelogo -->
        <test-method is-config="true" signature="tearDown()[pri:0, instance:com.appname.qa.testcase.HomePageTest@3d6f0054]" started-at="2022-03-02T00:43:25 IST" name="tearDown" finished-at="2022-03-02T00:43:26 IST" duration-ms="680" status="PASS">
          <reporter-output>
          </reporter-output>
        </test-method> <!-- tearDown -->
        <test-method is-config="true" signature="setUp()[pri:0, instance:com.appname.qa.testcase.HomePageTest@3d6f0054]" started-at="2022-03-02T00:43:26 IST" name="setUp" finished-at="2022-03-02T00:43:33 IST" duration-ms="7669" status="PASS">
          <reporter-output>
          </reporter-output>
        </test-method> <!-- setUp -->
        <test-method signature="homepagetitle()[pri:2, instance:com.appname.qa.testcase.HomePageTest@3d6f0054]" started-at="2022-03-02T00:43:33 IST" name="homepagetitle" finished-at="2022-03-02T00:43:33 IST" duration-ms="65" status="PASS">
          <reporter-output>
          </reporter-output>
        </test-method> <!-- homepagetitle -->
        <test-method is-config="true" signature="tearDown()[pri:0, instance:com.appname.qa.testcase.HomePageTest@3d6f0054]" started-at="2022-03-02T00:43:33 IST" name="tearDown" finished-at="2022-03-02T00:43:34 IST" duration-ms="642" status="PASS">
          <reporter-output>
          </reporter-output>
        </test-method> <!-- tearDown -->
      </class> <!-- com.appname.qa.testcase.HomePageTest -->
    </test> <!-- tescases -->
  </suite> <!-- Testpomframework -->
</testng-results>
